INFO  03:34:46 Application started. Press Ctrl+C to shut down.
INFO  03:34:46 Application started. Press Ctrl+C to shut down.
INFO  03:34:46 Hosting environment: Development
INFO  03:34:46 Hosting environment: Development
INFO  03:34:46 Content root path: C:\Users\devik\Desktop\cog\project\Authorization\Authorization
INFO  03:34:46 Content root path: C:\Users\devik\Desktop\cog\project\Authorization\Authorization
INFO  03:35:22 Login method invoked, Username : Harika
INFO  03:35:43 Login method invoked, Username : Harika
INFO  03:36:28 Login method invoked, Username : Harika
INFO  03:36:40 Login method invoked, Username : Akshay
INFO  03:41:12 Login method invoked, Username : Harika
INFO  03:49:52 Application started. Press Ctrl+C to shut down.
INFO  03:49:52 Application started. Press Ctrl+C to shut down.
INFO  03:49:52 Hosting environment: Development
INFO  03:49:52 Hosting environment: Development
INFO  03:49:52 Content root path: C:\Users\devik\Desktop\cog\project\Authorization\Authorization
INFO  03:49:52 Content root path: C:\Users\devik\Desktop\cog\project\Authorization\Authorization
INFO  03:50:07 Login method invoked, Username : Harika
INFO  03:54:59 Login method invoked, Username : Harika
INFO  09:07:38 Application started. Press Ctrl+C to shut down.
INFO  09:07:38 Application started. Press Ctrl+C to shut down.
INFO  09:07:38 Hosting environment: Development
INFO  09:07:38 Hosting environment: Development
INFO  09:07:38 Content root path: C:\Users\devik\Desktop\cog\project\Authorization\Authorization
INFO  09:07:38 Content root path: C:\Users\devik\Desktop\cog\project\Authorization\Authorization
INFO  09:08:34 Login method invoked, Username : Harika
INFO  09:08:34 Login method invoked, Username : Harika
INFO  09:08:34 Login method invoked, Username : Harika
INFO  09:11:39 Login method invoked, Username : Harika
